{
  "RSpec": {
    "coverage": {
      "/Users/jenningsanderson/Documents/epic-geo/spec/html_archive_spec.rb": [
        1
      ],
      "/Users/jenningsanderson/Documents/epic-geo/spec/html_spec.rb": [
        1,
        null,
        1,
        null,
        null,
        null,
        null,
        null,
        1,
        null,
        null,
        null,
        null,
        null,
        null,
        null,
        null,
        null,
        null,
        null,
        null,
        null,
        null,
        null,
        null,
        null,
        null,
        null,
        null,
        null,
        null,
        null,
        null,
        null,
        1,
        null,
        null,
        null
      ],
      "/Users/jenningsanderson/Documents/epic-geo/spec/kml_spec.rb": [
        1,
        null,
        1,
        1,
        4,
        null,
        null,
        1,
        4,
        null,
        null,
        1,
        1,
        null,
        null,
        1,
        1,
        null,
        null,
        1,
        1,
        1,
        1,
        1,
        11,
        null,
        null,
        1,
        1,
        1,
        1,
        null,
        1,
        11,
        null,
        null
      ]
    },
    "timestamp": 1412266289
  }
}
